<?xml version="1.0" encoding="UTF-8"?>
<testsuite xmlns:xsi="http://www.w3.org/2001/XMLSchema-instance"
           xsi:noNamespaceSchemaLocation="https://maven.apache.org/surefire/maven-surefire-plugin/xsd/surefire-test-report.xsd"
           name="com.talend.microservices.patterns.democompositeservice.DemoCompositeServiceApplicationTests"
           time="13.354" tests="1" errors="0" skipped="0" failures="0">
    <properties>
[...]
</properties>
    <testcase name="contextLoads"
              classname="com.talend.microservices.patterns.democompositeservice.DemoCompositeServiceApplicationTests"
              time="0.44"/>
</testsuite>